[debug] [2025-04-01T00:22:02.698Z] ----------------------------------------------------------------------
[debug] [2025-04-01T00:22:02.702Z] Command:       C:\Program Files\nodejs\node.exe C:\Users\B.Martin\AppData\Roaming\npm\node_modules\firebase-tools\lib\bin\firebase.js functions:shell
[debug] [2025-04-01T00:22:02.702Z] CLI Version:   14.0.1
[debug] [2025-04-01T00:22:02.702Z] Platform:      win32
[debug] [2025-04-01T00:22:02.702Z] Node Version:  v22.14.0
[debug] [2025-04-01T00:22:02.703Z] Time:          Mon Mar 31 2025 20:22:02 GMT-0400 (Eastern Daylight Time)
[debug] [2025-04-01T00:22:02.703Z] ----------------------------------------------------------------------
[debug] 
[debug] [2025-04-01T00:22:02.880Z] > command requires scopes: ["email","openid","https://www.googleapis.com/auth/cloudplatformprojects.readonly","https://www.googleapis.com/auth/firebase","https://www.googleapis.com/auth/cloud-platform"]
[debug] [2025-04-01T00:22:02.880Z] > authorizing via signed-in user (lcityfilms@gmail.com)
[debug] [2025-04-01T00:22:02.880Z] [iam] checking project dj-contract-app for permissions ["firebase.projects.get"]
[debug] [2025-04-01T00:22:02.881Z] Checked if tokens are valid: true, expires at: 1743469994577
[debug] [2025-04-01T00:22:02.881Z] Checked if tokens are valid: true, expires at: 1743469994577
[debug] [2025-04-01T00:22:02.882Z] >>> [apiv2][query] POST https://cloudresourcemanager.googleapis.com/v1/projects/dj-contract-app:testIamPermissions [none]
[debug] [2025-04-01T00:22:02.882Z] >>> [apiv2][(partial)header] POST https://cloudresourcemanager.googleapis.com/v1/projects/dj-contract-app:testIamPermissions x-goog-quota-user=projects/dj-contract-app
[debug] [2025-04-01T00:22:02.882Z] >>> [apiv2][body] POST https://cloudresourcemanager.googleapis.com/v1/projects/dj-contract-app:testIamPermissions {"permissions":["firebase.projects.get"]}
[debug] [2025-04-01T00:22:03.086Z] <<< [apiv2][status] POST https://cloudresourcemanager.googleapis.com/v1/projects/dj-contract-app:testIamPermissions 200
[debug] [2025-04-01T00:22:03.087Z] <<< [apiv2][body] POST https://cloudresourcemanager.googleapis.com/v1/projects/dj-contract-app:testIamPermissions {"permissions":["firebase.projects.get"]}
[debug] [2025-04-01T00:22:03.092Z] [functions] Functions Emulator only supports listening on one address (127.0.0.1). Not listening on ::1
[debug] [2025-04-01T00:22:03.110Z] defaultcredentials: writing to file C:\Users\B.Martin\AppData\Roaming\firebase\lcityfilms_gmail_com_application_default_credentials.json
[debug] [2025-04-01T00:22:03.111Z] DEBUG: Setting GAC to C:\Users\B.Martin\AppData\Roaming\firebase\lcityfilms_gmail_com_application_default_credentials.json
[debug] [2025-04-01T00:22:03.112Z] Checked if tokens are valid: true, expires at: 1743469994577
[debug] [2025-04-01T00:22:03.112Z] Checked if tokens are valid: true, expires at: 1743469994577
[debug] [2025-04-01T00:22:03.112Z] >>> [apiv2][query] GET https://firebase.googleapis.com/v1beta1/projects/dj-contract-app/adminSdkConfig [none]
[debug] [2025-04-01T00:22:03.487Z] <<< [apiv2][status] GET https://firebase.googleapis.com/v1beta1/projects/dj-contract-app/adminSdkConfig 200
[debug] [2025-04-01T00:22:03.487Z] <<< [apiv2][body] GET https://firebase.googleapis.com/v1beta1/projects/dj-contract-app/adminSdkConfig {"projectId":"dj-contract-app","storageBucket":"dj-contract-app.firebasestorage.app"}
[debug] [2025-04-01T00:22:03.498Z] [functions] Watching "C:\Users\B.Martin\dj-contract-app\functions" for Cloud Functions...
[debug] [2025-04-01T00:22:03.501Z] Validating nodejs source
[warn] !  functions: package.json indicates an outdated version of firebase-functions. Please upgrade using npm install --save firebase-functions@latest in your functions directory. 
[warn] !  functions: Please note that there will be breaking changes when you upgrade. 
[debug] [2025-04-01T00:22:04.254Z] > [functions] package.json contents: {
  "name": "functions",
  "description": "Cloud Functions for Firebase",
  "scripts": {
    "lint": "echo Skipping lint step"
  },
  "engines": {
    "node": "22"
  },
  "main": "index.js",
  "dependencies": {
    "@emailjs/nodejs": "^5.0.2",
    "dotenv": "^16.4.7",
    "firebase-admin": "^12.6.0",
    "firebase-functions": "^4.0.0",
    "node-fetch": "^3.3.2"
  },
  "devDependencies": {
    "eslint": "^8.15.0",
    "eslint-config-google": "^0.14.0",
    "firebase-functions-test": "^3.1.0"
  },
  "private": true
}
[debug] [2025-04-01T00:22:04.254Z] Building nodejs source
[debug] [2025-04-01T00:22:04.255Z] Failed to find version of module node: reached end of search path C:\Users\B.Martin\dj-contract-app\functions\node_modules
[info] +  functions: Using node@22 from host. 
[info] i  functions: Loaded environment variables from .env. 
[info] i  functions: You are using a version of firebase-functions SDK (4.9.0) that does not have support for the newest Firebase Extensions features. Please update firebase-functions SDK to >=5.1.0 to use them correctly 
[debug] [2025-04-01T00:22:04.259Z] Could not find functions.yaml. Must use http discovery
[debug] [2025-04-01T00:22:04.265Z] Found firebase-functions binary at 'C:\Users\B.Martin\dj-contract-app\functions\node_modules\.bin\firebase-functions'
